{"/Users/mariamibrahim/Desktop/CSE186/asgn4/Assignment4/src/App.css": {"path":"/Users/mariamibrahim/Desktop/CSE186/asgn4/Assignment4/src/App.css","statementMap":{"0":{"start":{"line":1,"column":0},"end":{"line":1,"column":20}}},"fnMap":{},"branchMap":{},"s":{"0":2},"f":{},"b":{},"inputSourceMap":null,"_coverageSchema":"1a1c01bbd47fc00a2c39e90264f33305004495a9","hash":"f8283e5cc77d4a3f4511bc977e65e93c4064c312"}
,"/Users/mariamibrahim/Desktop/CSE186/asgn4/Assignment4/src/App.jsx": {"path":"/Users/mariamibrahim/Desktop/CSE186/asgn4/Assignment4/src/App.jsx","statementMap":{"0":{"start":{"line":16,"column":4},"end":{"line":16,"column":12}},"1":{"start":{"line":18,"column":4},"end":{"line":18,"column":35}},"2":{"start":{"line":19,"column":4},"end":{"line":19,"column":48}},"3":{"start":{"line":20,"column":4},"end":{"line":20,"column":45}},"4":{"start":{"line":21,"column":4},"end":{"line":21,"column":22}},"5":{"start":{"line":22,"column":4},"end":{"line":22,"column":22}},"6":{"start":{"line":28,"column":4},"end":{"line":28,"column":47}},"7":{"start":{"line":31,"column":22},"end":{"line":36,"column":45}},"8":{"start":{"line":37,"column":20},"end":{"line":37,"column":38}},"9":{"start":{"line":38,"column":4},"end":{"line":40,"column":5}},"10":{"start":{"line":39,"column":6},"end":{"line":39,"column":41}},"11":{"start":{"line":42,"column":4},"end":{"line":45,"column":5}},"12":{"start":{"line":43,"column":6},"end":{"line":43,"column":29}},"13":{"start":{"line":44,"column":6},"end":{"line":44,"column":42}},"14":{"start":{"line":50,"column":8},"end":{"line":58,"column":3}},"15":{"start":{"line":55,"column":31},"end":{"line":55,"column":54}},"16":{"start":{"line":56,"column":4},"end":{"line":56,"column":53}},"17":{"start":{"line":57,"column":4},"end":{"line":57,"column":45}},"18":{"start":{"line":63,"column":4},"end":{"line":72,"column":6}}},"fnMap":{"0":{"name":"(anonymous_0)","decl":{"start":{"line":15,"column":2},"end":{"line":15,"column":3}},"loc":{"start":{"line":15,"column":16},"end":{"line":23,"column":3}},"line":15},"1":{"name":"(anonymous_1)","decl":{"start":{"line":27,"column":2},"end":{"line":27,"column":3}},"loc":{"start":{"line":27,"column":18},"end":{"line":46,"column":3}},"line":27},"2":{"name":"(anonymous_2)","decl":{"start":{"line":50,"column":8},"end":{"line":50,"column":9}},"loc":{"start":{"line":50,"column":13},"end":{"line":58,"column":3}},"line":50},"3":{"name":"(anonymous_3)","decl":{"start":{"line":62,"column":2},"end":{"line":62,"column":3}},"loc":{"start":{"line":62,"column":11},"end":{"line":73,"column":3}},"line":62}},"branchMap":{"0":{"loc":{"start":{"line":38,"column":4},"end":{"line":40,"column":5}},"type":"if","locations":[{"start":{"line":38,"column":4},"end":{"line":40,"column":5}},{"start":{},"end":{}}],"line":38},"1":{"loc":{"start":{"line":42,"column":4},"end":{"line":45,"column":5}},"type":"if","locations":[{"start":{"line":42,"column":4},"end":{"line":45,"column":5}},{"start":{},"end":{}}],"line":42}},"s":{"0":14,"1":14,"2":14,"3":14,"4":14,"5":14,"6":8,"7":8,"8":8,"9":8,"10":2,"11":8,"12":6,"13":6,"14":14,"15":6,"16":6,"17":6,"18":22},"f":{"0":14,"1":8,"2":6,"3":22},"b":{"0":[2,6],"1":[6,2]},"_coverageSchema":"1a1c01bbd47fc00a2c39e90264f33305004495a9","hash":"15967f769ceba969fb0eec082263fd0c7da5f722"}
,"/Users/mariamibrahim/Desktop/CSE186/asgn4/Assignment4/src/Picker.css": {"path":"/Users/mariamibrahim/Desktop/CSE186/asgn4/Assignment4/src/Picker.css","statementMap":{"0":{"start":{"line":1,"column":0},"end":{"line":1,"column":20}}},"fnMap":{},"branchMap":{},"s":{"0":2},"f":{},"b":{},"inputSourceMap":null,"_coverageSchema":"1a1c01bbd47fc00a2c39e90264f33305004495a9","hash":"a4a8a598e02fb4c71d2746540178c5971cb1ee76"}
,"/Users/mariamibrahim/Desktop/CSE186/asgn4/Assignment4/src/Picker.jsx": {"path":"/Users/mariamibrahim/Desktop/CSE186/asgn4/Assignment4/src/Picker.jsx","statementMap":{"0":{"start":{"line":12,"column":4},"end":{"line":12,"column":23}},"1":{"start":{"line":13,"column":4},"end":{"line":32,"column":5}},"2":{"start":{"line":14,"column":26},"end":{"line":14,"column":36}},"3":{"start":{"line":15,"column":6},"end":{"line":15,"column":37}},"4":{"start":{"line":16,"column":6},"end":{"line":16,"column":44}},"5":{"start":{"line":17,"column":6},"end":{"line":17,"column":49}},"6":{"start":{"line":18,"column":6},"end":{"line":18,"column":51}},"7":{"start":{"line":19,"column":6},"end":{"line":19,"column":42}},"8":{"start":{"line":20,"column":6},"end":{"line":20,"column":44}},"9":{"start":{"line":21,"column":6},"end":{"line":22,"column":74}},"10":{"start":{"line":23,"column":6},"end":{"line":23,"column":45}},"11":{"start":{"line":24,"column":6},"end":{"line":24,"column":45}},"12":{"start":{"line":25,"column":6},"end":{"line":25,"column":60}},"13":{"start":{"line":26,"column":6},"end":{"line":31,"column":8}},"14":{"start":{"line":33,"column":4},"end":{"line":33,"column":20}},"15":{"start":{"line":39,"column":23},"end":{"line":39,"column":78}},"16":{"start":{"line":40,"column":23},"end":{"line":40,"column":49}},"17":{"start":{"line":41,"column":4},"end":{"line":41,"column":32}},"18":{"start":{"line":42,"column":22},"end":{"line":42,"column":47}},"19":{"start":{"line":43,"column":24},"end":{"line":44,"column":47}},"20":{"start":{"line":45,"column":13},"end":{"line":45,"column":14}},"21":{"start":{"line":46,"column":16},"end":{"line":46,"column":27}},"22":{"start":{"line":48,"column":4},"end":{"line":55,"column":5}},"23":{"start":{"line":48,"column":15},"end":{"line":48,"column":16}},"24":{"start":{"line":49,"column":21},"end":{"line":49,"column":38}},"25":{"start":{"line":50,"column":19},"end":{"line":51,"column":40}},"26":{"start":{"line":52,"column":6},"end":{"line":52,"column":38}},"27":{"start":{"line":53,"column":6},"end":{"line":53,"column":11}},"28":{"start":{"line":54,"column":6},"end":{"line":54,"column":14}},"29":{"start":{"line":56,"column":4},"end":{"line":67,"column":5}},"30":{"start":{"line":56,"column":17},"end":{"line":56,"column":18}},"31":{"start":{"line":57,"column":19},"end":{"line":58,"column":38}},"32":{"start":{"line":59,"column":6},"end":{"line":59,"column":40}},"33":{"start":{"line":60,"column":6},"end":{"line":65,"column":7}},"34":{"start":{"line":61,"column":22},"end":{"line":62,"column":32}},"35":{"start":{"line":63,"column":8},"end":{"line":63,"column":41}},"36":{"start":{"line":64,"column":8},"end":{"line":64,"column":43}},"37":{"start":{"line":66,"column":6},"end":{"line":66,"column":11}},"38":{"start":{"line":68,"column":4},"end":{"line":73,"column":5}},"39":{"start":{"line":68,"column":17},"end":{"line":68,"column":18}},"40":{"start":{"line":69,"column":19},"end":{"line":70,"column":35}},"41":{"start":{"line":71,"column":6},"end":{"line":71,"column":37}},"42":{"start":{"line":72,"column":6},"end":{"line":72,"column":11}},"43":{"start":{"line":79,"column":17},"end":{"line":79,"column":49}},"44":{"start":{"line":80,"column":4},"end":{"line":83,"column":5}},"45":{"start":{"line":81,"column":6},"end":{"line":81,"column":31}},"46":{"start":{"line":82,"column":6},"end":{"line":82,"column":38}},"47":{"start":{"line":84,"column":16},"end":{"line":84,"column":30}},"48":{"start":{"line":85,"column":18},"end":{"line":85,"column":33}},"49":{"start":{"line":86,"column":4},"end":{"line":86,"column":23}},"50":{"start":{"line":87,"column":17},"end":{"line":87,"column":35}},"51":{"start":{"line":88,"column":4},"end":{"line":88,"column":21}},"52":{"start":{"line":89,"column":4},"end":{"line":89,"column":50}},"53":{"start":{"line":90,"column":4},"end":{"line":90,"column":35}},"54":{"start":{"line":91,"column":4},"end":{"line":91,"column":33}},"55":{"start":{"line":92,"column":4},"end":{"line":92,"column":58}},"56":{"start":{"line":93,"column":4},"end":{"line":93,"column":35}},"57":{"start":{"line":94,"column":4},"end":{"line":94,"column":15}},"58":{"start":{"line":95,"column":18},"end":{"line":95,"column":50}},"59":{"start":{"line":96,"column":4},"end":{"line":99,"column":5}},"60":{"start":{"line":97,"column":6},"end":{"line":97,"column":33}},"61":{"start":{"line":98,"column":6},"end":{"line":98,"column":39}},"62":{"start":{"line":100,"column":21},"end":{"line":100,"column":68}},"63":{"start":{"line":101,"column":4},"end":{"line":109,"column":5}},"64":{"start":{"line":104,"column":6},"end":{"line":108,"column":7}},"65":{"start":{"line":105,"column":8},"end":{"line":105,"column":44}},"66":{"start":{"line":106,"column":8},"end":{"line":106,"column":41}},"67":{"start":{"line":107,"column":8},"end":{"line":107,"column":14}},"68":{"start":{"line":115,"column":17},"end":{"line":115,"column":49}},"69":{"start":{"line":116,"column":4},"end":{"line":119,"column":5}},"70":{"start":{"line":117,"column":6},"end":{"line":117,"column":31}},"71":{"start":{"line":118,"column":6},"end":{"line":118,"column":38}},"72":{"start":{"line":120,"column":24},"end":{"line":120,"column":34}},"73":{"start":{"line":123,"column":4},"end":{"line":123,"column":40}},"74":{"start":{"line":124,"column":4},"end":{"line":124,"column":42}},"75":{"start":{"line":125,"column":23},"end":{"line":125,"column":44}},"76":{"start":{"line":126,"column":23},"end":{"line":126,"column":78}},"77":{"start":{"line":127,"column":4},"end":{"line":127,"column":27}},"78":{"start":{"line":128,"column":22},"end":{"line":128,"column":42}},"79":{"start":{"line":129,"column":24},"end":{"line":130,"column":42}},"80":{"start":{"line":131,"column":13},"end":{"line":131,"column":14}},"81":{"start":{"line":132,"column":16},"end":{"line":132,"column":27}},"82":{"start":{"line":133,"column":4},"end":{"line":134,"column":30}},"83":{"start":{"line":135,"column":4},"end":{"line":139,"column":5}},"84":{"start":{"line":136,"column":19},"end":{"line":136,"column":51}},"85":{"start":{"line":137,"column":6},"end":{"line":137,"column":43}},"86":{"start":{"line":138,"column":6},"end":{"line":138,"column":37}},"87":{"start":{"line":140,"column":4},"end":{"line":146,"column":5}},"88":{"start":{"line":140,"column":15},"end":{"line":140,"column":16}},"89":{"start":{"line":141,"column":19},"end":{"line":141,"column":50}},"90":{"start":{"line":142,"column":6},"end":{"line":142,"column":40}},"91":{"start":{"line":143,"column":6},"end":{"line":143,"column":46}},"92":{"start":{"line":144,"column":6},"end":{"line":144,"column":14}},"93":{"start":{"line":145,"column":6},"end":{"line":145,"column":11}},"94":{"start":{"line":147,"column":4},"end":{"line":158,"column":5}},"95":{"start":{"line":147,"column":17},"end":{"line":147,"column":18}},"96":{"start":{"line":148,"column":19},"end":{"line":148,"column":50}},"97":{"start":{"line":149,"column":6},"end":{"line":149,"column":24}},"98":{"start":{"line":150,"column":6},"end":{"line":150,"column":49}},"99":{"start":{"line":153,"column":6},"end":{"line":156,"column":7}},"100":{"start":{"line":154,"column":8},"end":{"line":154,"column":44}},"101":{"start":{"line":155,"column":8},"end":{"line":155,"column":41}},"102":{"start":{"line":157,"column":6},"end":{"line":157,"column":11}},"103":{"start":{"line":159,"column":4},"end":{"line":164,"column":5}},"104":{"start":{"line":159,"column":17},"end":{"line":159,"column":18}},"105":{"start":{"line":160,"column":19},"end":{"line":160,"column":50}},"106":{"start":{"line":161,"column":6},"end":{"line":161,"column":24}},"107":{"start":{"line":162,"column":6},"end":{"line":162,"column":46}},"108":{"start":{"line":163,"column":6},"end":{"line":163,"column":11}},"109":{"start":{"line":165,"column":4},"end":{"line":165,"column":21}},"110":{"start":{"line":171,"column":17},"end":{"line":171,"column":49}},"111":{"start":{"line":172,"column":4},"end":{"line":175,"column":5}},"112":{"start":{"line":173,"column":6},"end":{"line":173,"column":31}},"113":{"start":{"line":174,"column":6},"end":{"line":174,"column":38}},"114":{"start":{"line":176,"column":4},"end":{"line":176,"column":18}},"115":{"start":{"line":177,"column":4},"end":{"line":180,"column":5}},"116":{"start":{"line":178,"column":6},"end":{"line":178,"column":21}},"117":{"start":{"line":179,"column":6},"end":{"line":179,"column":19}},"118":{"start":{"line":181,"column":4},"end":{"line":181,"column":68}},"119":{"start":{"line":182,"column":4},"end":{"line":182,"column":75}},"120":{"start":{"line":183,"column":4},"end":{"line":183,"column":15}},"121":{"start":{"line":189,"column":13},"end":{"line":189,"column":14}},"122":{"start":{"line":190,"column":24},"end":{"line":190,"column":34}},"123":{"start":{"line":191,"column":23},"end":{"line":191,"column":44}},"124":{"start":{"line":192,"column":24},"end":{"line":192,"column":49}},"125":{"start":{"line":193,"column":4},"end":{"line":193,"column":39}},"126":{"start":{"line":194,"column":22},"end":{"line":194,"column":54}},"127":{"start":{"line":195,"column":24},"end":{"line":196,"column":54}},"128":{"start":{"line":197,"column":23},"end":{"line":197,"column":64}},"129":{"start":{"line":199,"column":16},"end":{"line":199,"column":27}},"130":{"start":{"line":200,"column":4},"end":{"line":206,"column":5}},"131":{"start":{"line":200,"column":15},"end":{"line":200,"column":16}},"132":{"start":{"line":201,"column":19},"end":{"line":201,"column":50}},"133":{"start":{"line":202,"column":6},"end":{"line":202,"column":40}},"134":{"start":{"line":203,"column":6},"end":{"line":203,"column":46}},"135":{"start":{"line":204,"column":6},"end":{"line":204,"column":14}},"136":{"start":{"line":205,"column":6},"end":{"line":205,"column":11}},"137":{"start":{"line":207,"column":4},"end":{"line":221,"column":5}},"138":{"start":{"line":207,"column":17},"end":{"line":207,"column":18}},"139":{"start":{"line":208,"column":19},"end":{"line":208,"column":50}},"140":{"start":{"line":209,"column":6},"end":{"line":209,"column":24}},"141":{"start":{"line":210,"column":6},"end":{"line":210,"column":49}},"142":{"start":{"line":211,"column":6},"end":{"line":219,"column":7}},"143":{"start":{"line":215,"column":8},"end":{"line":218,"column":9}},"144":{"start":{"line":216,"column":10},"end":{"line":216,"column":46}},"145":{"start":{"line":217,"column":10},"end":{"line":217,"column":43}},"146":{"start":{"line":220,"column":6},"end":{"line":220,"column":11}},"147":{"start":{"line":222,"column":4},"end":{"line":227,"column":5}},"148":{"start":{"line":222,"column":17},"end":{"line":222,"column":18}},"149":{"start":{"line":223,"column":19},"end":{"line":223,"column":50}},"150":{"start":{"line":224,"column":6},"end":{"line":224,"column":24}},"151":{"start":{"line":225,"column":6},"end":{"line":225,"column":46}},"152":{"start":{"line":226,"column":6},"end":{"line":226,"column":11}},"153":{"start":{"line":228,"column":4},"end":{"line":228,"column":21}},"154":{"start":{"line":234,"column":17},"end":{"line":234,"column":49}},"155":{"start":{"line":235,"column":4},"end":{"line":238,"column":5}},"156":{"start":{"line":236,"column":6},"end":{"line":236,"column":31}},"157":{"start":{"line":237,"column":6},"end":{"line":237,"column":38}},"158":{"start":{"line":239,"column":4},"end":{"line":239,"column":18}},"159":{"start":{"line":240,"column":4},"end":{"line":243,"column":5}},"160":{"start":{"line":241,"column":6},"end":{"line":241,"column":22}},"161":{"start":{"line":242,"column":6},"end":{"line":242,"column":19}},"162":{"start":{"line":244,"column":4},"end":{"line":244,"column":68}},"163":{"start":{"line":245,"column":4},"end":{"line":245,"column":75}},"164":{"start":{"line":246,"column":4},"end":{"line":246,"column":39}},"165":{"start":{"line":247,"column":4},"end":{"line":247,"column":15}},"166":{"start":{"line":253,"column":4},"end":{"line":268,"column":5}},"167":{"start":{"line":253,"column":17},"end":{"line":253,"column":18}},"168":{"start":{"line":254,"column":17},"end":{"line":254,"column":47}},"169":{"start":{"line":255,"column":6},"end":{"line":257,"column":7}},"170":{"start":{"line":256,"column":8},"end":{"line":256,"column":48}},"171":{"start":{"line":258,"column":6},"end":{"line":258,"column":62}},"172":{"start":{"line":259,"column":6},"end":{"line":259,"column":54}},"173":{"start":{"line":260,"column":6},"end":{"line":260,"column":54}},"174":{"start":{"line":261,"column":6},"end":{"line":267,"column":7}},"175":{"start":{"line":262,"column":8},"end":{"line":262,"column":53}},"176":{"start":{"line":263,"column":13},"end":{"line":267,"column":7}},"177":{"start":{"line":264,"column":8},"end":{"line":264,"column":53}},"178":{"start":{"line":266,"column":8},"end":{"line":266,"column":61}},"179":{"start":{"line":278,"column":4},"end":{"line":278,"column":46}},"180":{"start":{"line":284,"column":23},"end":{"line":284,"column":55}},"181":{"start":{"line":285,"column":4},"end":{"line":288,"column":5}},"182":{"start":{"line":286,"column":6},"end":{"line":286,"column":70}},"183":{"start":{"line":287,"column":6},"end":{"line":287,"column":55}},"184":{"start":{"line":289,"column":18},"end":{"line":289,"column":56}},"185":{"start":{"line":290,"column":17},"end":{"line":290,"column":57}},"186":{"start":{"line":291,"column":21},"end":{"line":291,"column":68}},"187":{"start":{"line":292,"column":4},"end":{"line":292,"column":16}},"188":{"start":{"line":293,"column":4},"end":{"line":300,"column":5}},"189":{"start":{"line":294,"column":6},"end":{"line":299,"column":7}},"190":{"start":{"line":295,"column":8},"end":{"line":298,"column":9}},"191":{"start":{"line":296,"column":10},"end":{"line":296,"column":46}},"192":{"start":{"line":297,"column":10},"end":{"line":297,"column":43}},"193":{"start":{"line":306,"column":23},"end":{"line":306,"column":55}},"194":{"start":{"line":307,"column":4},"end":{"line":311,"column":5}},"195":{"start":{"line":308,"column":6},"end":{"line":308,"column":70}},"196":{"start":{"line":309,"column":6},"end":{"line":309,"column":55}},"197":{"start":{"line":310,"column":6},"end":{"line":310,"column":29}},"198":{"start":{"line":312,"column":18},"end":{"line":312,"column":56}},"199":{"start":{"line":313,"column":17},"end":{"line":313,"column":57}},"200":{"start":{"line":314,"column":21},"end":{"line":314,"column":68}},"201":{"start":{"line":315,"column":4},"end":{"line":315,"column":16}},"202":{"start":{"line":316,"column":4},"end":{"line":323,"column":5}},"203":{"start":{"line":317,"column":6},"end":{"line":322,"column":7}},"204":{"start":{"line":318,"column":8},"end":{"line":321,"column":9}},"205":{"start":{"line":319,"column":10},"end":{"line":319,"column":46}},"206":{"start":{"line":320,"column":10},"end":{"line":320,"column":43}},"207":{"start":{"line":329,"column":17},"end":{"line":329,"column":49}},"208":{"start":{"line":330,"column":15},"end":{"line":330,"column":53}},"209":{"start":{"line":331,"column":20},"end":{"line":331,"column":47}},"210":{"start":{"line":332,"column":4},"end":{"line":344,"column":5}},"211":{"start":{"line":333,"column":6},"end":{"line":333,"column":58}},"212":{"start":{"line":334,"column":6},"end":{"line":334,"column":49}},"213":{"start":{"line":335,"column":22},"end":{"line":335,"column":49}},"214":{"start":{"line":336,"column":6},"end":{"line":336,"column":48}},"215":{"start":{"line":337,"column":6},"end":{"line":337,"column":42}},"216":{"start":{"line":339,"column":6},"end":{"line":343,"column":7}},"217":{"start":{"line":340,"column":24},"end":{"line":340,"column":51}},"218":{"start":{"line":341,"column":8},"end":{"line":341,"column":50}},"219":{"start":{"line":342,"column":8},"end":{"line":342,"column":44}},"220":{"start":{"line":349,"column":14},"end":{"line":351,"column":3}},"221":{"start":{"line":350,"column":4},"end":{"line":350,"column":16}},"222":{"start":{"line":355,"column":14},"end":{"line":357,"column":3}},"223":{"start":{"line":356,"column":4},"end":{"line":356,"column":16}},"224":{"start":{"line":362,"column":20},"end":{"line":364,"column":5}},"225":{"start":{"line":363,"column":6},"end":{"line":363,"column":22}},"226":{"start":{"line":365,"column":4},"end":{"line":367,"column":7}},"227":{"start":{"line":366,"column":6},"end":{"line":366,"column":23}},"228":{"start":{"line":368,"column":4},"end":{"line":390,"column":6}}},"fnMap":{"0":{"name":"(anonymous_0)","decl":{"start":{"line":11,"column":2},"end":{"line":11,"column":3}},"loc":{"start":{"line":11,"column":27},"end":{"line":34,"column":3}},"line":11},"1":{"name":"(anonymous_1)","decl":{"start":{"line":38,"column":2},"end":{"line":38,"column":3}},"loc":{"start":{"line":38,"column":13},"end":{"line":74,"column":3}},"line":38},"2":{"name":"(anonymous_2)","decl":{"start":{"line":78,"column":2},"end":{"line":78,"column":3}},"loc":{"start":{"line":78,"column":16},"end":{"line":110,"column":3}},"line":78},"3":{"name":"(anonymous_3)","decl":{"start":{"line":114,"column":2},"end":{"line":114,"column":3}},"loc":{"start":{"line":114,"column":13},"end":{"line":166,"column":3}},"line":114},"4":{"name":"(anonymous_4)","decl":{"start":{"line":170,"column":2},"end":{"line":170,"column":3}},"loc":{"start":{"line":170,"column":9},"end":{"line":184,"column":3}},"line":170},"5":{"name":"(anonymous_5)","decl":{"start":{"line":188,"column":2},"end":{"line":188,"column":3}},"loc":{"start":{"line":188,"column":8},"end":{"line":229,"column":3}},"line":188},"6":{"name":"(anonymous_6)","decl":{"start":{"line":233,"column":2},"end":{"line":233,"column":3}},"loc":{"start":{"line":233,"column":9},"end":{"line":248,"column":3}},"line":233},"7":{"name":"(anonymous_7)","decl":{"start":{"line":252,"column":2},"end":{"line":252,"column":3}},"loc":{"start":{"line":252,"column":14},"end":{"line":269,"column":3}},"line":252},"8":{"name":"(anonymous_8)","decl":{"start":{"line":276,"column":2},"end":{"line":276,"column":3}},"loc":{"start":{"line":276,"column":27},"end":{"line":279,"column":3}},"line":276},"9":{"name":"(anonymous_9)","decl":{"start":{"line":283,"column":2},"end":{"line":283,"column":3}},"loc":{"start":{"line":283,"column":17},"end":{"line":301,"column":3}},"line":283},"10":{"name":"(anonymous_10)","decl":{"start":{"line":305,"column":2},"end":{"line":305,"column":3}},"loc":{"start":{"line":305,"column":17},"end":{"line":324,"column":3}},"line":305},"11":{"name":"(anonymous_11)","decl":{"start":{"line":328,"column":2},"end":{"line":328,"column":3}},"loc":{"start":{"line":328,"column":25},"end":{"line":345,"column":3}},"line":328},"12":{"name":"(anonymous_12)","decl":{"start":{"line":349,"column":14},"end":{"line":349,"column":15}},"loc":{"start":{"line":349,"column":19},"end":{"line":351,"column":3}},"line":349},"13":{"name":"(anonymous_13)","decl":{"start":{"line":355,"column":14},"end":{"line":355,"column":15}},"loc":{"start":{"line":355,"column":19},"end":{"line":357,"column":3}},"line":355},"14":{"name":"(anonymous_14)","decl":{"start":{"line":361,"column":2},"end":{"line":361,"column":3}},"loc":{"start":{"line":361,"column":11},"end":{"line":391,"column":3}},"line":361},"15":{"name":"(anonymous_15)","decl":{"start":{"line":362,"column":20},"end":{"line":362,"column":21}},"loc":{"start":{"line":362,"column":25},"end":{"line":364,"column":5}},"line":362},"16":{"name":"(anonymous_16)","decl":{"start":{"line":365,"column":36},"end":{"line":365,"column":37}},"loc":{"start":{"line":365,"column":47},"end":{"line":367,"column":5}},"line":365}},"branchMap":{"0":{"loc":{"start":{"line":13,"column":4},"end":{"line":32,"column":5}},"type":"if","locations":[{"start":{"line":13,"column":4},"end":{"line":32,"column":5}},{"start":{},"end":{}}],"line":13},"1":{"loc":{"start":{"line":60,"column":6},"end":{"line":65,"column":7}},"type":"if","locations":[{"start":{"line":60,"column":6},"end":{"line":65,"column":7}},{"start":{},"end":{}}],"line":60},"2":{"loc":{"start":{"line":80,"column":4},"end":{"line":83,"column":5}},"type":"if","locations":[{"start":{"line":80,"column":4},"end":{"line":83,"column":5}},{"start":{},"end":{}}],"line":80},"3":{"loc":{"start":{"line":96,"column":4},"end":{"line":99,"column":5}},"type":"if","locations":[{"start":{"line":96,"column":4},"end":{"line":99,"column":5}},{"start":{},"end":{}}],"line":96},"4":{"loc":{"start":{"line":104,"column":6},"end":{"line":108,"column":7}},"type":"if","locations":[{"start":{"line":104,"column":6},"end":{"line":108,"column":7}},{"start":{},"end":{}}],"line":104},"5":{"loc":{"start":{"line":116,"column":4},"end":{"line":119,"column":5}},"type":"if","locations":[{"start":{"line":116,"column":4},"end":{"line":119,"column":5}},{"start":{},"end":{}}],"line":116},"6":{"loc":{"start":{"line":135,"column":4},"end":{"line":139,"column":5}},"type":"if","locations":[{"start":{"line":135,"column":4},"end":{"line":139,"column":5}},{"start":{},"end":{}}],"line":135},"7":{"loc":{"start":{"line":153,"column":6},"end":{"line":156,"column":7}},"type":"if","locations":[{"start":{"line":153,"column":6},"end":{"line":156,"column":7}},{"start":{},"end":{}}],"line":153},"8":{"loc":{"start":{"line":172,"column":4},"end":{"line":175,"column":5}},"type":"if","locations":[{"start":{"line":172,"column":4},"end":{"line":175,"column":5}},{"start":{},"end":{}}],"line":172},"9":{"loc":{"start":{"line":177,"column":4},"end":{"line":180,"column":5}},"type":"if","locations":[{"start":{"line":177,"column":4},"end":{"line":180,"column":5}},{"start":{},"end":{}}],"line":177},"10":{"loc":{"start":{"line":211,"column":6},"end":{"line":219,"column":7}},"type":"if","locations":[{"start":{"line":211,"column":6},"end":{"line":219,"column":7}},{"start":{},"end":{}}],"line":211},"11":{"loc":{"start":{"line":211,"column":10},"end":{"line":212,"column":33}},"type":"binary-expr","locations":[{"start":{"line":211,"column":11},"end":{"line":211,"column":43}},{"start":{"line":212,"column":7},"end":{"line":212,"column":32}}],"line":211},"12":{"loc":{"start":{"line":215,"column":8},"end":{"line":218,"column":9}},"type":"if","locations":[{"start":{"line":215,"column":8},"end":{"line":218,"column":9}},{"start":{},"end":{}}],"line":215},"13":{"loc":{"start":{"line":235,"column":4},"end":{"line":238,"column":5}},"type":"if","locations":[{"start":{"line":235,"column":4},"end":{"line":238,"column":5}},{"start":{},"end":{}}],"line":235},"14":{"loc":{"start":{"line":240,"column":4},"end":{"line":243,"column":5}},"type":"if","locations":[{"start":{"line":240,"column":4},"end":{"line":243,"column":5}},{"start":{},"end":{}}],"line":240},"15":{"loc":{"start":{"line":255,"column":6},"end":{"line":257,"column":7}},"type":"if","locations":[{"start":{"line":255,"column":6},"end":{"line":257,"column":7}},{"start":{},"end":{}}],"line":255},"16":{"loc":{"start":{"line":261,"column":6},"end":{"line":267,"column":7}},"type":"if","locations":[{"start":{"line":261,"column":6},"end":{"line":267,"column":7}},{"start":{"line":263,"column":13},"end":{"line":267,"column":7}}],"line":261},"17":{"loc":{"start":{"line":263,"column":13},"end":{"line":267,"column":7}},"type":"if","locations":[{"start":{"line":263,"column":13},"end":{"line":267,"column":7}},{"start":{"line":265,"column":13},"end":{"line":267,"column":7}}],"line":263},"18":{"loc":{"start":{"line":285,"column":4},"end":{"line":288,"column":5}},"type":"if","locations":[{"start":{"line":285,"column":4},"end":{"line":288,"column":5}},{"start":{},"end":{}}],"line":285},"19":{"loc":{"start":{"line":293,"column":4},"end":{"line":300,"column":5}},"type":"if","locations":[{"start":{"line":293,"column":4},"end":{"line":300,"column":5}},{"start":{},"end":{}}],"line":293},"20":{"loc":{"start":{"line":295,"column":8},"end":{"line":298,"column":9}},"type":"if","locations":[{"start":{"line":295,"column":8},"end":{"line":298,"column":9}},{"start":{},"end":{}}],"line":295},"21":{"loc":{"start":{"line":307,"column":4},"end":{"line":311,"column":5}},"type":"if","locations":[{"start":{"line":307,"column":4},"end":{"line":311,"column":5}},{"start":{},"end":{}}],"line":307},"22":{"loc":{"start":{"line":316,"column":4},"end":{"line":323,"column":5}},"type":"if","locations":[{"start":{"line":316,"column":4},"end":{"line":323,"column":5}},{"start":{},"end":{}}],"line":316},"23":{"loc":{"start":{"line":318,"column":8},"end":{"line":321,"column":9}},"type":"if","locations":[{"start":{"line":318,"column":8},"end":{"line":321,"column":9}},{"start":{},"end":{}}],"line":318},"24":{"loc":{"start":{"line":332,"column":4},"end":{"line":344,"column":5}},"type":"if","locations":[{"start":{"line":332,"column":4},"end":{"line":344,"column":5}},{"start":{"line":338,"column":11},"end":{"line":344,"column":5}}],"line":332},"25":{"loc":{"start":{"line":332,"column":8},"end":{"line":332,"column":38}},"type":"binary-expr","locations":[{"start":{"line":332,"column":9},"end":{"line":332,"column":13}},{"start":{"line":332,"column":18},"end":{"line":332,"column":37}}],"line":332},"26":{"loc":{"start":{"line":339,"column":6},"end":{"line":343,"column":7}},"type":"if","locations":[{"start":{"line":339,"column":6},"end":{"line":343,"column":7}},{"start":{},"end":{}}],"line":339}},"s":{"0":52,"1":52,"2":52,"3":52,"4":52,"5":52,"6":52,"7":52,"8":52,"9":52,"10":52,"11":52,"12":52,"13":52,"14":52,"15":52,"16":52,"17":52,"18":52,"19":52,"20":52,"21":52,"22":52,"23":52,"24":260,"25":260,"26":260,"27":260,"28":260,"29":52,"30":52,"31":1612,"32":1612,"33":1612,"34":52,"35":52,"36":52,"37":1612,"38":52,"39":52,"40":312,"41":312,"42":312,"43":6,"44":6,"45":4,"46":4,"47":6,"48":6,"49":6,"50":6,"51":6,"52":6,"53":6,"54":6,"55":6,"56":6,"57":6,"58":6,"59":6,"60":0,"61":0,"62":6,"63":6,"64":186,"65":0,"66":0,"67":0,"68":3,"69":3,"70":2,"71":2,"72":3,"73":3,"74":3,"75":3,"76":3,"77":3,"78":3,"79":3,"80":3,"81":3,"82":3,"83":3,"84":0,"85":0,"86":0,"87":3,"88":3,"89":15,"90":15,"91":15,"92":15,"93":15,"94":3,"95":3,"96":93,"97":93,"98":93,"99":93,"100":0,"101":0,"102":93,"103":3,"104":3,"105":18,"106":18,"107":18,"108":18,"109":3,"110":25,"111":25,"112":13,"113":13,"114":25,"115":25,"116":2,"117":2,"118":25,"119":25,"120":25,"121":59,"122":59,"123":59,"124":59,"125":59,"126":59,"127":59,"128":59,"129":59,"130":59,"131":59,"132":151,"133":151,"134":151,"135":151,"136":151,"137":59,"138":59,"139":1805,"140":1805,"141":1805,"142":1805,"143":124,"144":0,"145":0,"146":1805,"147":59,"148":59,"149":522,"150":522,"151":522,"152":522,"153":59,"154":28,"155":28,"156":8,"157":8,"158":28,"159":28,"160":2,"161":2,"162":28,"163":28,"164":28,"165":28,"166":69,"167":69,"168":2898,"169":2898,"170":7,"171":2898,"172":2898,"173":2898,"174":2898,"175":582,"176":2316,"177":201,"178":2115,"179":114,"180":2,"181":2,"182":0,"183":0,"184":2,"185":2,"186":2,"187":2,"188":2,"189":2,"190":30,"191":30,"192":30,"193":2,"194":2,"195":0,"196":0,"197":0,"198":2,"199":2,"200":2,"201":2,"202":2,"203":2,"204":32,"205":32,"206":32,"207":4,"208":4,"209":4,"210":4,"211":0,"212":0,"213":0,"214":0,"215":0,"216":4,"217":4,"218":4,"219":4,"220":52,"221":23,"222":52,"223":26,"224":122,"225":3,"226":122,"227":7,"228":122},"f":{"0":52,"1":52,"2":6,"3":3,"4":25,"5":59,"6":28,"7":69,"8":114,"9":2,"10":2,"11":4,"12":23,"13":26,"14":122,"15":3,"16":7},"b":{"0":[52,0],"1":[52,1560],"2":[4,2],"3":[0,6],"4":[0,186],"5":[2,1],"6":[0,3],"7":[0,93],"8":[13,12],"9":[2,23],"10":[124,1681],"11":[1805,310],"12":[0,124],"13":[8,20],"14":[2,26],"15":[7,2891],"16":[582,2316],"17":[201,2115],"18":[0,2],"19":[2,0],"20":[30,0],"21":[0,2],"22":[2,0],"23":[32,0],"24":[0,4],"25":[4,0],"26":[4,0]},"_coverageSchema":"1a1c01bbd47fc00a2c39e90264f33305004495a9","hash":"a648d8d9e0b8a537154883de07115414865d5fb8"}
}
