TN:
SF:src/App.css
FNF:0
FNH:0
DA:1,2
LF:1
LH:1
BRF:0
BRH:0
end_of_record
TN:
SF:src/App.jsx
FN:15,(anonymous_0)
FN:27,(anonymous_1)
FN:50,(anonymous_2)
FN:62,(anonymous_3)
FNF:4
FNH:4
FNDA:14,(anonymous_0)
FNDA:8,(anonymous_1)
FNDA:6,(anonymous_2)
FNDA:22,(anonymous_3)
DA:16,14
DA:18,14
DA:19,14
DA:20,14
DA:21,14
DA:22,14
DA:28,8
DA:31,8
DA:37,8
DA:38,8
DA:39,2
DA:42,8
DA:43,6
DA:44,6
DA:50,14
DA:55,6
DA:56,6
DA:57,6
DA:63,22
LF:19
LH:19
BRDA:38,0,0,2
BRDA:38,0,1,6
BRDA:42,1,0,6
BRDA:42,1,1,2
BRF:4
BRH:4
end_of_record
TN:
SF:src/Picker.css
FNF:0
FNH:0
DA:1,2
LF:1
LH:1
BRF:0
BRH:0
end_of_record
TN:
SF:src/Picker.jsx
FN:11,(anonymous_0)
FN:38,(anonymous_1)
FN:78,(anonymous_2)
FN:114,(anonymous_3)
FN:170,(anonymous_4)
FN:188,(anonymous_5)
FN:233,(anonymous_6)
FN:252,(anonymous_7)
FN:276,(anonymous_8)
FN:283,(anonymous_9)
FN:305,(anonymous_10)
FN:328,(anonymous_11)
FN:349,(anonymous_12)
FN:355,(anonymous_13)
FN:361,(anonymous_14)
FN:362,(anonymous_15)
FN:365,(anonymous_16)
FNF:17
FNH:17
FNDA:52,(anonymous_0)
FNDA:52,(anonymous_1)
FNDA:6,(anonymous_2)
FNDA:3,(anonymous_3)
FNDA:25,(anonymous_4)
FNDA:59,(anonymous_5)
FNDA:28,(anonymous_6)
FNDA:69,(anonymous_7)
FNDA:114,(anonymous_8)
FNDA:2,(anonymous_9)
FNDA:2,(anonymous_10)
FNDA:4,(anonymous_11)
FNDA:23,(anonymous_12)
FNDA:26,(anonymous_13)
FNDA:122,(anonymous_14)
FNDA:3,(anonymous_15)
FNDA:7,(anonymous_16)
DA:12,52
DA:13,52
DA:14,52
DA:15,52
DA:16,52
DA:17,52
DA:18,52
DA:19,52
DA:20,52
DA:21,52
DA:23,52
DA:24,52
DA:25,52
DA:26,52
DA:33,52
DA:39,52
DA:40,52
DA:41,52
DA:42,52
DA:43,52
DA:45,52
DA:46,52
DA:48,52
DA:49,260
DA:50,260
DA:52,260
DA:53,260
DA:54,260
DA:56,52
DA:57,1612
DA:59,1612
DA:60,1612
DA:61,52
DA:63,52
DA:64,52
DA:66,1612
DA:68,52
DA:69,312
DA:71,312
DA:72,312
DA:79,6
DA:80,6
DA:81,4
DA:82,4
DA:84,6
DA:85,6
DA:86,6
DA:87,6
DA:88,6
DA:89,6
DA:90,6
DA:91,6
DA:92,6
DA:93,6
DA:94,6
DA:95,6
DA:96,6
DA:97,0
DA:98,0
DA:100,6
DA:101,6
DA:104,186
DA:105,0
DA:106,0
DA:107,0
DA:115,3
DA:116,3
DA:117,2
DA:118,2
DA:120,3
DA:123,3
DA:124,3
DA:125,3
DA:126,3
DA:127,3
DA:128,3
DA:129,3
DA:131,3
DA:132,3
DA:133,3
DA:135,3
DA:136,0
DA:137,0
DA:138,0
DA:140,3
DA:141,15
DA:142,15
DA:143,15
DA:144,15
DA:145,15
DA:147,3
DA:148,93
DA:149,93
DA:150,93
DA:153,93
DA:154,0
DA:155,0
DA:157,93
DA:159,3
DA:160,18
DA:161,18
DA:162,18
DA:163,18
DA:165,3
DA:171,25
DA:172,25
DA:173,13
DA:174,13
DA:176,25
DA:177,25
DA:178,2
DA:179,2
DA:181,25
DA:182,25
DA:183,25
DA:189,59
DA:190,59
DA:191,59
DA:192,59
DA:193,59
DA:194,59
DA:195,59
DA:197,59
DA:199,59
DA:200,59
DA:201,151
DA:202,151
DA:203,151
DA:204,151
DA:205,151
DA:207,59
DA:208,1805
DA:209,1805
DA:210,1805
DA:211,1805
DA:215,124
DA:216,0
DA:217,0
DA:220,1805
DA:222,59
DA:223,522
DA:224,522
DA:225,522
DA:226,522
DA:228,59
DA:234,28
DA:235,28
DA:236,8
DA:237,8
DA:239,28
DA:240,28
DA:241,2
DA:242,2
DA:244,28
DA:245,28
DA:246,28
DA:247,28
DA:253,69
DA:254,2898
DA:255,2898
DA:256,7
DA:258,2898
DA:259,2898
DA:260,2898
DA:261,2898
DA:262,582
DA:263,2316
DA:264,201
DA:266,2115
DA:278,114
DA:284,2
DA:285,2
DA:286,0
DA:287,0
DA:289,2
DA:290,2
DA:291,2
DA:292,2
DA:293,2
DA:294,2
DA:295,30
DA:296,30
DA:297,30
DA:306,2
DA:307,2
DA:308,0
DA:309,0
DA:310,0
DA:312,2
DA:313,2
DA:314,2
DA:315,2
DA:316,2
DA:317,2
DA:318,32
DA:319,32
DA:320,32
DA:329,4
DA:330,4
DA:331,4
DA:332,4
DA:333,0
DA:334,0
DA:335,0
DA:336,0
DA:337,0
DA:339,4
DA:340,4
DA:341,4
DA:342,4
DA:349,52
DA:350,23
DA:355,52
DA:356,26
DA:362,122
DA:363,3
DA:365,122
DA:366,7
DA:368,122
LF:219
LH:197
BRDA:13,0,0,52
BRDA:13,0,1,0
BRDA:60,1,0,52
BRDA:60,1,1,1560
BRDA:80,2,0,4
BRDA:80,2,1,2
BRDA:96,3,0,0
BRDA:96,3,1,6
BRDA:104,4,0,0
BRDA:104,4,1,186
BRDA:116,5,0,2
BRDA:116,5,1,1
BRDA:135,6,0,0
BRDA:135,6,1,3
BRDA:153,7,0,0
BRDA:153,7,1,93
BRDA:172,8,0,13
BRDA:172,8,1,12
BRDA:177,9,0,2
BRDA:177,9,1,23
BRDA:211,10,0,124
BRDA:211,10,1,1681
BRDA:211,11,0,1805
BRDA:211,11,1,310
BRDA:215,12,0,0
BRDA:215,12,1,124
BRDA:235,13,0,8
BRDA:235,13,1,20
BRDA:240,14,0,2
BRDA:240,14,1,26
BRDA:255,15,0,7
BRDA:255,15,1,2891
BRDA:261,16,0,582
BRDA:261,16,1,2316
BRDA:263,17,0,201
BRDA:263,17,1,2115
BRDA:285,18,0,0
BRDA:285,18,1,2
BRDA:293,19,0,2
BRDA:293,19,1,0
BRDA:295,20,0,30
BRDA:295,20,1,0
BRDA:307,21,0,0
BRDA:307,21,1,2
BRDA:316,22,0,2
BRDA:316,22,1,0
BRDA:318,23,0,32
BRDA:318,23,1,0
BRDA:332,24,0,0
BRDA:332,24,1,4
BRDA:332,25,0,4
BRDA:332,25,1,0
BRDA:339,26,0,4
BRDA:339,26,1,0
BRF:54
BRH:39
end_of_record
